This is pdfTeX, Version 3.14159265-2.6-1.40.20 (MiKTeX 2.9.7140 64-bit) (preloaded format=pdflatex 2019.8.6)  4 DEC 2019 15:04
entering extended mode
**D:/master_thesis/master-thesis/master_thesis_draft.tex
(D:/master_thesis/master-thesis/master_thesis_draft.tex
LaTeX2e <2018-12-01>
("D:\Program Files\MiKTeX 2.9\tex/latex/base\article.cls"
Document Class: article 2018/09/03 v1.4i Standard LaTeX document class
("D:\Program Files\MiKTeX 2.9\tex/latex/base\size10.clo"
File: size10.clo 2018/09/03 v1.4i Standard LaTeX file (size option)
)
\c@part=\count80
\c@section=\count81
\c@subsection=\count82
\c@subsubsection=\count83
\c@paragraph=\count84
\c@subparagraph=\count85
\c@figure=\count86
\c@table=\count87
\abovecaptionskip=\skip41
\belowcaptionskip=\skip42
\bibindent=\dimen102
)
("D:\Program Files\MiKTeX 2.9\tex/latex/amsmath\amsmath.sty"
Package: amsmath 2018/12/01 v2.17b AMS math features
\@mathmargin=\skip43

For additional information on amsmath, use the `?' option.
("D:\Program Files\MiKTeX 2.9\tex/latex/amsmath\amstext.sty"
Package: amstext 2000/06/29 v2.01 AMS text

("D:\Program Files\MiKTeX 2.9\tex/latex/amsmath\amsgen.sty"
File: amsgen.sty 1999/11/30 v2.0 generic functions
\@emptytoks=\toks14
\ex@=\dimen103
))
("D:\Program Files\MiKTeX 2.9\tex/latex/amsmath\amsbsy.sty"
Package: amsbsy 1999/11/29 v1.2d Bold Symbols
\pmbraise@=\dimen104
)
("D:\Program Files\MiKTeX 2.9\tex/latex/amsmath\amsopn.sty"
Package: amsopn 2016/03/08 v2.02 operator names
)
\inf@bad=\count88
LaTeX Info: Redefining \frac on input line 223.
\uproot@=\count89
\leftroot@=\count90
LaTeX Info: Redefining \overline on input line 385.
\classnum@=\count91
\DOTSCASE@=\count92
LaTeX Info: Redefining \ldots on input line 482.
LaTeX Info: Redefining \dots on input line 485.
LaTeX Info: Redefining \cdots on input line 606.
\Mathstrutbox@=\box27
\strutbox@=\box28
\big@size=\dimen105
LaTeX Font Info:    Redeclaring font encoding OML on input line 729.
LaTeX Font Info:    Redeclaring font encoding OMS on input line 730.
\macc@depth=\count93
\c@MaxMatrixCols=\count94
\dotsspace@=\muskip10
\c@parentequation=\count95
\dspbrk@lvl=\count96
\tag@help=\toks15
\row@=\count97
\column@=\count98
\maxfields@=\count99
\andhelp@=\toks16
\eqnshift@=\dimen106
\alignsep@=\dimen107
\tagshift@=\dimen108
\tagwidth@=\dimen109
\totwidth@=\dimen110
\lineht@=\dimen111
\@envbody=\toks17
\multlinegap=\skip44
\multlinetaggap=\skip45
\mathdisplay@stack=\toks18
LaTeX Info: Redefining \[ on input line 2844.
LaTeX Info: Redefining \] on input line 2845.
)
("D:\Program Files\MiKTeX 2.9\tex/latex/preprint\authblk.sty"
Package: authblk 2001/02/27 1.3 (PWD)
\affilsep=\skip46
\@affilsep=\skip47
\c@Maxaffil=\count100
\c@authors=\count101
\c@affil=\count102
)
("D:\Program Files\MiKTeX 2.9\tex/latex/epigraph\epigraph.sty"
Package: epigraph 2009/09/02 v1.5c typesetting epigraphs
\beforeepigraphskip=\skip48
\afterepigraphskip=\skip49
\epigraphwidth=\skip50
\epigraphrule=\skip51
)
("D:\Program Files\MiKTeX 2.9\tex/latex/siunitx\siunitx.sty"
("D:\Program Files\MiKTeX 2.9\tex/latex/l3kernel\expl3.sty"
Package: expl3 2019-07-25 L3 programming layer (loader) 

("D:\Program Files\MiKTeX 2.9\tex/latex/l3kernel\expl3-code.tex"
Package: expl3 2019-07-25 L3 programming layer (code)
\c_max_int=\count103
\l_tmpa_int=\count104
\l_tmpb_int=\count105
\g_tmpa_int=\count106
\g_tmpb_int=\count107
\g__kernel_prg_map_int=\count108
\c__ior_term_ior=\count109
\c_log_iow=\count110
\l_iow_line_count_int=\count111
\l__iow_line_target_int=\count112
\l__iow_one_indent_int=\count113
\l__iow_indent_int=\count114
\c_zero_dim=\dimen112
\c_max_dim=\dimen113
\l_tmpa_dim=\dimen114
\l_tmpb_dim=\dimen115
\g_tmpa_dim=\dimen116
\g_tmpb_dim=\dimen117
\c_zero_skip=\skip52
\c_max_skip=\skip53
\l_tmpa_skip=\skip54
\l_tmpb_skip=\skip55
\g_tmpa_skip=\skip56
\g_tmpb_skip=\skip57
\c_zero_muskip=\muskip11
\c_max_muskip=\muskip12
\l_tmpa_muskip=\muskip13
\l_tmpb_muskip=\muskip14
\g_tmpa_muskip=\muskip15
\g_tmpb_muskip=\muskip16
\l_keys_choice_int=\count115
\l__intarray_loop_int=\count116
\c__intarray_sp_dim=\dimen118
\g__intarray_font_int=\count117
\c__fp_leading_shift_int=\count118
\c__fp_middle_shift_int=\count119
\c__fp_trailing_shift_int=\count120
\c__fp_big_leading_shift_int=\count121
\c__fp_big_middle_shift_int=\count122
\c__fp_big_trailing_shift_int=\count123
\c__fp_Bigg_leading_shift_int=\count124
\c__fp_Bigg_middle_shift_int=\count125
\c__fp_Bigg_trailing_shift_int=\count126
\c__kernel_randint_max_int=\count127
\g__fp_array_int=\count128
\l__fp_array_loop_int=\count129
\l__sort_length_int=\count130
\l__sort_min_int=\count131
\l__sort_top_int=\count132
\l__sort_max_int=\count133
\l__sort_true_max_int=\count134
\l__sort_block_int=\count135
\l__sort_begin_int=\count136
\l__sort_end_int=\count137
\l__sort_A_int=\count138
\l__sort_B_int=\count139
\l__sort_C_int=\count140
\l__str_internal_int=\count141
\c__str_replacement_char_int=\count142
\l__tl_analysis_normal_int=\count143
\l__tl_analysis_index_int=\count144
\l__tl_analysis_nesting_int=\count145
\l__tl_analysis_type_int=\count146
\l__regex_internal_a_int=\count147
\l__regex_internal_b_int=\count148
\l__regex_internal_c_int=\count149
\l__regex_balance_int=\count150
\l__regex_group_level_int=\count151
\l__regex_mode_int=\count152
\c__regex_cs_in_class_mode_int=\count153
\c__regex_cs_mode_int=\count154
\l__regex_catcodes_int=\count155
\l__regex_default_catcodes_int=\count156
\c__regex_catcode_D_int=\count157
\c__regex_catcode_S_int=\count158
\c__regex_catcode_L_int=\count159
\c__regex_catcode_O_int=\count160
\c__regex_catcode_A_int=\count161
\c__regex_all_catcodes_int=\count162
\l__regex_show_lines_int=\count163
\l__regex_min_state_int=\count164
\l__regex_max_state_int=\count165
\l__regex_left_state_int=\count166
\l__regex_right_state_int=\count167
\l__regex_capturing_group_int=\count168
\l__regex_min_pos_int=\count169
\l__regex_max_pos_int=\count170
\l__regex_curr_pos_int=\count171
\l__regex_start_pos_int=\count172
\l__regex_success_pos_int=\count173
\l__regex_curr_char_int=\count174
\l__regex_curr_catcode_int=\count175
\l__regex_last_char_int=\count176
\l__regex_case_changed_char_int=\count177
\l__regex_curr_state_int=\count178
\l__regex_step_int=\count179
\l__regex_min_active_int=\count180
\l__regex_max_active_int=\count181
\l__regex_replacement_csnames_int=\count182
\l__regex_match_count_int=\count183
\l__regex_min_submatch_int=\count184
\l__regex_submatch_int=\count185
\l__regex_zeroth_submatch_int=\count186
\g__regex_trace_regex_int=\count187
\c_empty_box=\box29
\l_tmpa_box=\box30
\l_tmpb_box=\box31
\g_tmpa_box=\box32
\g_tmpb_box=\box33
\l__box_top_dim=\dimen119
\l__box_bottom_dim=\dimen120
\l__box_left_dim=\dimen121
\l__box_right_dim=\dimen122
\l__box_top_new_dim=\dimen123
\l__box_bottom_new_dim=\dimen124
\l__box_left_new_dim=\dimen125
\l__box_right_new_dim=\dimen126
\l__box_internal_box=\box34
\l__coffin_internal_box=\box35
\l__coffin_internal_dim=\dimen127
\l__coffin_offset_x_dim=\dimen128
\l__coffin_offset_y_dim=\dimen129
\l__coffin_x_dim=\dimen130
\l__coffin_y_dim=\dimen131
\l__coffin_x_prime_dim=\dimen132
\l__coffin_y_prime_dim=\dimen133
\c_empty_coffin=\box36
\l__coffin_aligned_coffin=\box37
\l__coffin_aligned_internal_coffin=\box38
\l_tmpa_coffin=\box39
\l_tmpb_coffin=\box40
\g_tmpa_coffin=\box41
\g_tmpb_coffin=\box42
\l__coffin_bounding_shift_dim=\dimen134
\l__coffin_left_corner_dim=\dimen135
\l__coffin_right_corner_dim=\dimen136
\l__coffin_bottom_corner_dim=\dimen137
\l__coffin_top_corner_dim=\dimen138
\l__coffin_scaled_total_height_dim=\dimen139
\l__coffin_scaled_width_dim=\dimen140
\c__coffin_empty_coffin=\box43
\l__coffin_display_coffin=\box44
\l__coffin_display_coord_coffin=\box45
\l__coffin_display_pole_coffin=\box46
\l__coffin_display_offset_dim=\dimen141
\l__coffin_display_x_dim=\dimen142
\l__coffin_display_y_dim=\dimen143
\g__file_internal_ior=\read1
\l__seq_internal_a_int=\count188
\l__seq_internal_b_int=\count189
)
("D:\Program Files\MiKTeX 2.9\tex/latex/l3backend\l3backend-pdfmode.def"
File: l3backend-pdfmode.def 2019-04-06 v L3 Experimental backend support: PDF m
ode
\l__kernel_color_stack_int=\count190
\l__pdf_internal_box=\box47
))
("D:\Program Files\MiKTeX 2.9\tex/latex/l3packages/xparse\xparse.sty"
Package: xparse 2019-05-28 L3 Experimental document command parser
\l__xparse_current_arg_int=\count191
\g__xparse_grabber_int=\count192
\l__xparse_m_args_int=\count193
\l__xparse_v_nesting_int=\count194
)
Package: siunitx 2018/05/17 v2.7s A comprehensive (SI) units package

("D:\Program Files\MiKTeX 2.9\tex/latex/tools\array.sty"
Package: array 2018/12/30 v2.4k Tabular extension package (FMi)
\col@sep=\dimen144
\ar@mcellbox=\box48
\extrarowheight=\dimen145
\NC@list=\toks19
\extratabsurround=\skip58
\backup@length=\skip59
\ar@cellbox=\box49
)
("D:\Program Files\MiKTeX 2.9\tex/latex/l3packages/l3keys2e\l3keys2e.sty"
Package: l3keys2e 2019-05-28 LaTeX2e option processing using LaTeX3 keys
)
\l__siunitx_tmp_box=\box50
\l__siunitx_tmp_dim=\dimen146
\l__siunitx_tmp_int=\count195
\l__siunitx_number_mantissa_length_int=\count196
\l__siunitx_number_uncert_length_int=\count197
\l__siunitx_round_int=\count198
\l__siunitx_process_decimal_int=\count199
\l__siunitx_process_uncertainty_int=\count266
\l__siunitx_process_fixed_int=\count267
\l__siunitx_process_integer_min_int=\count268
\l__siunitx_process_precision_int=\count269
\l__siunitx_group_min_int=\count270
\l__siunitx_angle_marker_box=\box51
\l__siunitx_angle_unit_box=\box52
\l__siunitx_angle_marker_dim=\dimen147
\l__siunitx_angle_unit_dim=\dimen148
\l__siunitx_unit_int=\count271
\l__siunitx_unit_denominator_int=\count272
\l__siunitx_unit_numerator_int=\count273
\l__siunitx_unit_prefix_int=\count274
\l__siunitx_unit_prefix_base_int=\count275
\l__siunitx_unit_prefix_gram_int=\count276
\l__siunitx_number_product_int=\count277
\c__siunitx_one_fill_skip=\skip60
\l__siunitx_table_unit_align_skip=\skip61
\l__siunitx_table_exponent_dim=\dimen149
\l__siunitx_table_integer_dim=\dimen150
\l__siunitx_table_mantissa_dim=\dimen151
\l__siunitx_table_marker_dim=\dimen152
\l__siunitx_table_result_dim=\dimen153
\l__siunitx_table_uncert_dim=\dimen154
\l__siunitx_table_fill_pre_dim=\dimen155
\l__siunitx_table_fill_post_dim=\dimen156
\l__siunitx_table_fill_mid_dim=\dimen157
\l__siunitx_table_pre_box=\box53
\l__siunitx_table_post_box=\box54
\l__siunitx_table_mantissa_box=\box55
\l__siunitx_table_result_box=\box56
\l__siunitx_table_number_align_skip=\skip62
\l__siunitx_table_text_align_skip=\skip63

("D:\Program Files\MiKTeX 2.9\tex/latex/translator\translator.sty"
Package: translator 2019-05-31 v1.12a Easy translation of strings in LaTeX

("D:\Program Files\MiKTeX 2.9\tex/latex/graphics\keyval.sty"
Package: keyval 2014/10/28 v1.15 key=value parser (DPC)
\KV@toks@=\toks20
)))
("D:\Program Files\MiKTeX 2.9\tex/latex/titlesec\titlesec.sty"
Package: titlesec 2019/07/16 v2.11 Sectioning titles
\ttl@box=\box57
\beforetitleunit=\skip64
\aftertitleunit=\skip65
\ttl@plus=\dimen158
\ttl@minus=\dimen159
\ttl@toksa=\toks21
\titlewidth=\dimen160
\titlewidthlast=\dimen161
\titlewidthfirst=\dimen162
)
("D:\Program Files\MiKTeX 2.9\tex/latex/tools\bm.sty"
Package: bm 2017/01/16 v1.2c Bold Symbol Support (DPC/FMi)
\symboldoperators=\mathgroup4
\symboldletters=\mathgroup5
\symboldsymbols=\mathgroup6
LaTeX Font Info:    Redeclaring math alphabet \mathbf on input line 141.
LaTeX Info: Redefining \bm on input line 207.
)
("D:\Program Files\MiKTeX 2.9\tex/latex/cases\cases.sty"
Package: cases 2002/05/02 ver 2.5 
)
("D:\Program Files\MiKTeX 2.9\tex/latex/hanging\hanging.sty"
Package: hanging 2009/09/02 v1.2b hanging paragraphs and punctuation
\h@ngcommawd=\skip66
\h@ngfstopwd=\skip67
\h@ngquotewd=\skip68
\h@ngdquotewd=\skip69
\h@ngquerywd=\skip70
\h@ngexclwd=\skip71
\h@ngcolonwd=\skip72
\h@ngscolonwd=\skip73
)
("D:\Program Files\MiKTeX 2.9\tex/latex/csquotes\csquotes.sty"
Package: csquotes 2019/05/10 v5.2e context-sensitive quotations (JAW)

("D:\Program Files\MiKTeX 2.9\tex/latex/etoolbox\etoolbox.sty"
Package: etoolbox 2018/08/19 v2.5f e-TeX tools for LaTeX (JAW)
\etb@tempcnta=\count278
)
\csq@reset=\count279
\csq@gtype=\count280
\csq@glevel=\count281
\csq@qlevel=\count282
\csq@maxlvl=\count283
\csq@tshold=\count284
\csq@ltx@everypar=\toks22

("D:\Program Files\MiKTeX 2.9\tex/latex/csquotes\csquotes.def"
File: csquotes.def 2019/05/10 v5.2e csquotes generic definitions (JAW)
)
Package csquotes Info: Trying to load configuration file 'csquotes.cfg'...
Package csquotes Info: ... configuration file loaded successfully.

("D:\Program Files\MiKTeX 2.9\tex/latex/csquotes\csquotes.cfg"
File: csquotes.cfg 
))
("D:\Program Files\MiKTeX 2.9\tex/latex/pgf/frontendlayer\tikz.sty"
("D:\Program Files\MiKTeX 2.9\tex/latex/pgf/basiclayer\pgf.sty"
("D:\Program Files\MiKTeX 2.9\tex/latex/pgf/utilities\pgfrcs.sty"
("D:\Program Files\MiKTeX 2.9\tex/generic/pgf/utilities\pgfutil-common.tex"
\pgfutil@everybye=\toks23
\pgfutil@tempdima=\dimen163
\pgfutil@tempdimb=\dimen164

("D:\Program Files\MiKTeX 2.9\tex/generic/pgf/utilities\pgfutil-common-lists.te
x")) ("D:\Program Files\MiKTeX 2.9\tex/generic/pgf/utilities\pgfutil-latex.def"
\pgfutil@abb=\box58
("D:\Program Files\MiKTeX 2.9\tex/latex/ms\everyshi.sty"
Package: everyshi 2001/05/15 v3.00 EveryShipout Package (MS)
))
("D:\Program Files\MiKTeX 2.9\tex/generic/pgf/utilities\pgfrcs.code.tex"
("D:\Program Files\MiKTeX 2.9\tex/generic/pgf\pgf.revision.tex")
Package: pgfrcs 2019/08/03 v3.1.4b (3.1.4b)
))
Package: pgf 2019/08/03 v3.1.4b (3.1.4b)

("D:\Program Files\MiKTeX 2.9\tex/latex/pgf/basiclayer\pgfcore.sty"
("D:\Program Files\MiKTeX 2.9\tex/latex/graphics\graphicx.sty"
Package: graphicx 2017/06/01 v1.1a Enhanced LaTeX Graphics (DPC,SPQR)

("D:\Program Files\MiKTeX 2.9\tex/latex/graphics\graphics.sty"
Package: graphics 2017/06/25 v1.2c Standard LaTeX Graphics (DPC,SPQR)

("D:\Program Files\MiKTeX 2.9\tex/latex/graphics\trig.sty"
Package: trig 2016/01/03 v1.10 sin cos tan (DPC)
)
("D:\Program Files\MiKTeX 2.9\tex/latex/graphics-cfg\graphics.cfg"
File: graphics.cfg 2016/06/04 v1.11 sample graphics configuration
)
Package graphics Info: Driver file: pdftex.def on input line 99.

("D:\Program Files\MiKTeX 2.9\tex/latex/graphics-def\pdftex.def"
File: pdftex.def 2018/01/08 v1.0l Graphics/color driver for pdftex
))
\Gin@req@height=\dimen165
\Gin@req@width=\dimen166
)
("D:\Program Files\MiKTeX 2.9\tex/latex/pgf/systemlayer\pgfsys.sty"
("D:\Program Files\MiKTeX 2.9\tex/generic/pgf/systemlayer\pgfsys.code.tex"
Package: pgfsys 2019/08/03 v3.1.4b (3.1.4b)

("D:\Program Files\MiKTeX 2.9\tex/generic/pgf/utilities\pgfkeys.code.tex"
\pgfkeys@pathtoks=\toks24
\pgfkeys@temptoks=\toks25

("D:\Program Files\MiKTeX 2.9\tex/generic/pgf/utilities\pgfkeysfiltered.code.te
x"
\pgfkeys@tmptoks=\toks26
))
\pgf@x=\dimen167
\pgf@y=\dimen168
\pgf@xa=\dimen169
\pgf@ya=\dimen170
\pgf@xb=\dimen171
\pgf@yb=\dimen172
\pgf@xc=\dimen173
\pgf@yc=\dimen174
\pgf@xd=\dimen175
\pgf@yd=\dimen176
\w@pgf@writea=\write3
\r@pgf@reada=\read2
\c@pgf@counta=\count285
\c@pgf@countb=\count286
\c@pgf@countc=\count287
\c@pgf@countd=\count288
\t@pgf@toka=\toks27
\t@pgf@tokb=\toks28
\t@pgf@tokc=\toks29
\pgf@sys@id@count=\count289
 ("D:\Program Files\MiKTeX 2.9\tex/generic/pgf/systemlayer\pgf.cfg"
File: pgf.cfg 2019/08/03 v3.1.4b (3.1.4b)
)
Driver file for pgf: pgfsys-pdftex.def

("D:\Program Files\MiKTeX 2.9\tex/generic/pgf/systemlayer\pgfsys-pdftex.def"
File: pgfsys-pdftex.def 2019/08/03 v3.1.4b (3.1.4b)

("D:\Program Files\MiKTeX 2.9\tex/generic/pgf/systemlayer\pgfsys-common-pdf.def
"
File: pgfsys-common-pdf.def 2019/08/03 v3.1.4b (3.1.4b)
)))
("D:\Program Files\MiKTeX 2.9\tex/generic/pgf/systemlayer\pgfsyssoftpath.code.t
ex"
File: pgfsyssoftpath.code.tex 2019/08/03 v3.1.4b (3.1.4b)
\pgfsyssoftpath@smallbuffer@items=\count290
\pgfsyssoftpath@bigbuffer@items=\count291
)
("D:\Program Files\MiKTeX 2.9\tex/generic/pgf/systemlayer\pgfsysprotocol.code.t
ex"
File: pgfsysprotocol.code.tex 2019/08/03 v3.1.4b (3.1.4b)
)) ("D:\Program Files\MiKTeX 2.9\tex/latex/xcolor\xcolor.sty"
Package: xcolor 2016/05/11 v2.12 LaTeX color extensions (UK)

("D:\Program Files\MiKTeX 2.9\tex/latex/graphics-cfg\color.cfg"
File: color.cfg 2016/01/02 v1.6 sample color configuration
)
Package xcolor Info: Driver file: pdftex.def on input line 225.
Package xcolor Info: Model `cmy' substituted by `cmy0' on input line 1348.
Package xcolor Info: Model `hsb' substituted by `rgb' on input line 1352.
Package xcolor Info: Model `RGB' extended on input line 1364.
Package xcolor Info: Model `HTML' substituted by `rgb' on input line 1366.
Package xcolor Info: Model `Hsb' substituted by `hsb' on input line 1367.
Package xcolor Info: Model `tHsb' substituted by `hsb' on input line 1368.
Package xcolor Info: Model `HSB' substituted by `hsb' on input line 1369.
Package xcolor Info: Model `Gray' substituted by `gray' on input line 1370.
Package xcolor Info: Model `wave' substituted by `hsb' on input line 1371.
)
("D:\Program Files\MiKTeX 2.9\tex/generic/pgf/basiclayer\pgfcore.code.tex"
Package: pgfcore 2019/08/03 v3.1.4b (3.1.4b)

("D:\Program Files\MiKTeX 2.9\tex/generic/pgf/math\pgfmath.code.tex"
("D:\Program Files\MiKTeX 2.9\tex/generic/pgf/math\pgfmathcalc.code.tex"
("D:\Program Files\MiKTeX 2.9\tex/generic/pgf/math\pgfmathutil.code.tex")
("D:\Program Files\MiKTeX 2.9\tex/generic/pgf/math\pgfmathparser.code.tex"
\pgfmath@dimen=\dimen177
\pgfmath@count=\count292
\pgfmath@box=\box59
\pgfmath@toks=\toks30
\pgfmath@stack@operand=\toks31
\pgfmath@stack@operation=\toks32
)
("D:\Program Files\MiKTeX 2.9\tex/generic/pgf/math\pgfmathfunctions.code.tex"
("D:\Program Files\MiKTeX 2.9\tex/generic/pgf/math\pgfmathfunctions.basic.code.
tex")
("D:\Program Files\MiKTeX 2.9\tex/generic/pgf/math\pgfmathfunctions.trigonometr
ic.code.tex")
("D:\Program Files\MiKTeX 2.9\tex/generic/pgf/math\pgfmathfunctions.random.code
.tex")
("D:\Program Files\MiKTeX 2.9\tex/generic/pgf/math\pgfmathfunctions.comparison.
code.tex")
("D:\Program Files\MiKTeX 2.9\tex/generic/pgf/math\pgfmathfunctions.base.code.t
ex")
("D:\Program Files\MiKTeX 2.9\tex/generic/pgf/math\pgfmathfunctions.round.code.
tex")
("D:\Program Files\MiKTeX 2.9\tex/generic/pgf/math\pgfmathfunctions.misc.code.t
ex")
("D:\Program Files\MiKTeX 2.9\tex/generic/pgf/math\pgfmathfunctions.integerarit
hmetics.code.tex")))
("D:\Program Files\MiKTeX 2.9\tex/generic/pgf/math\pgfmathfloat.code.tex"
\c@pgfmathroundto@lastzeros=\count293
))
("D:\Program Files\MiKTeX 2.9\tex/generic/pgf/math\pgfint.code.tex")
("D:\Program Files\MiKTeX 2.9\tex/generic/pgf/basiclayer\pgfcorepoints.code.tex
"
File: pgfcorepoints.code.tex 2019/08/03 v3.1.4b (3.1.4b)
\pgf@picminx=\dimen178
\pgf@picmaxx=\dimen179
\pgf@picminy=\dimen180
\pgf@picmaxy=\dimen181
\pgf@pathminx=\dimen182
\pgf@pathmaxx=\dimen183
\pgf@pathminy=\dimen184
\pgf@pathmaxy=\dimen185
\pgf@xx=\dimen186
\pgf@xy=\dimen187
\pgf@yx=\dimen188
\pgf@yy=\dimen189
\pgf@zx=\dimen190
\pgf@zy=\dimen191
)
("D:\Program Files\MiKTeX 2.9\tex/generic/pgf/basiclayer\pgfcorepathconstruct.c
ode.tex"
File: pgfcorepathconstruct.code.tex 2019/08/03 v3.1.4b (3.1.4b)
\pgf@path@lastx=\dimen192
\pgf@path@lasty=\dimen193
)
("D:\Program Files\MiKTeX 2.9\tex/generic/pgf/basiclayer\pgfcorepathusage.code.
tex"
File: pgfcorepathusage.code.tex 2019/08/03 v3.1.4b (3.1.4b)
\pgf@shorten@end@additional=\dimen194
\pgf@shorten@start@additional=\dimen195
)
("D:\Program Files\MiKTeX 2.9\tex/generic/pgf/basiclayer\pgfcorescopes.code.tex
"
File: pgfcorescopes.code.tex 2019/08/03 v3.1.4b (3.1.4b)
\pgfpic=\box60
\pgf@hbox=\box61
\pgf@layerbox@main=\box62
\pgf@picture@serial@count=\count294
)
("D:\Program Files\MiKTeX 2.9\tex/generic/pgf/basiclayer\pgfcoregraphicstate.co
de.tex"
File: pgfcoregraphicstate.code.tex 2019/08/03 v3.1.4b (3.1.4b)
\pgflinewidth=\dimen196
)
("D:\Program Files\MiKTeX 2.9\tex/generic/pgf/basiclayer\pgfcoretransformations
.code.tex"
File: pgfcoretransformations.code.tex 2019/08/03 v3.1.4b (3.1.4b)
\pgf@pt@x=\dimen197
\pgf@pt@y=\dimen198
\pgf@pt@temp=\dimen199
)
("D:\Program Files\MiKTeX 2.9\tex/generic/pgf/basiclayer\pgfcorequick.code.tex"
File: pgfcorequick.code.tex 2019/08/03 v3.1.4b (3.1.4b)
)
("D:\Program Files\MiKTeX 2.9\tex/generic/pgf/basiclayer\pgfcoreobjects.code.te
x"
File: pgfcoreobjects.code.tex 2019/08/03 v3.1.4b (3.1.4b)
)
("D:\Program Files\MiKTeX 2.9\tex/generic/pgf/basiclayer\pgfcorepathprocessing.
code.tex"
File: pgfcorepathprocessing.code.tex 2019/08/03 v3.1.4b (3.1.4b)
)
("D:\Program Files\MiKTeX 2.9\tex/generic/pgf/basiclayer\pgfcorearrows.code.tex
"
File: pgfcorearrows.code.tex 2019/08/03 v3.1.4b (3.1.4b)
\pgfarrowsep=\dimen256
)
("D:\Program Files\MiKTeX 2.9\tex/generic/pgf/basiclayer\pgfcoreshade.code.tex"
File: pgfcoreshade.code.tex 2019/08/03 v3.1.4b (3.1.4b)
\pgf@max=\dimen257
\pgf@sys@shading@range@num=\count295
\pgf@shadingcount=\count296
) ("D:\Program Files\MiKTeX 2.9\tex/generic/pgf/basiclayer\pgfcoreimage.code.te
x"
File: pgfcoreimage.code.tex 2019/08/03 v3.1.4b (3.1.4b)

("D:\Program Files\MiKTeX 2.9\tex/generic/pgf/basiclayer\pgfcoreexternal.code.t
ex"
File: pgfcoreexternal.code.tex 2019/08/03 v3.1.4b (3.1.4b)
\pgfexternal@startupbox=\box63
))
("D:\Program Files\MiKTeX 2.9\tex/generic/pgf/basiclayer\pgfcorelayers.code.tex
"
File: pgfcorelayers.code.tex 2019/08/03 v3.1.4b (3.1.4b)
)
("D:\Program Files\MiKTeX 2.9\tex/generic/pgf/basiclayer\pgfcoretransparency.co
de.tex"
File: pgfcoretransparency.code.tex 2019/08/03 v3.1.4b (3.1.4b)
)
("D:\Program Files\MiKTeX 2.9\tex/generic/pgf/basiclayer\pgfcorepatterns.code.t
ex"
File: pgfcorepatterns.code.tex 2019/08/03 v3.1.4b (3.1.4b)
)
("D:\Program Files\MiKTeX 2.9\tex/generic/pgf/basiclayer\pgfcorerdf.code.tex"
File: pgfcorerdf.code.tex 2019/08/03 v3.1.4b (3.1.4b)
))) ("D:\Program Files\MiKTeX 2.9\tex/generic/pgf/modules\pgfmoduleshapes.code.
tex"
File: pgfmoduleshapes.code.tex 2019/08/03 v3.1.4b (3.1.4b)
\pgfnodeparttextbox=\box64
) ("D:\Program Files\MiKTeX 2.9\tex/generic/pgf/modules\pgfmoduleplot.code.tex"
File: pgfmoduleplot.code.tex 2019/08/03 v3.1.4b (3.1.4b)
)
("D:\Program Files\MiKTeX 2.9\tex/latex/pgf/compatibility\pgfcomp-version-0-65.
sty"
Package: pgfcomp-version-0-65 2019/08/03 v3.1.4b (3.1.4b)
\pgf@nodesepstart=\dimen258
\pgf@nodesepend=\dimen259
)
("D:\Program Files\MiKTeX 2.9\tex/latex/pgf/compatibility\pgfcomp-version-1-18.
sty"
Package: pgfcomp-version-1-18 2019/08/03 v3.1.4b (3.1.4b)
)) ("D:\Program Files\MiKTeX 2.9\tex/latex/pgf/utilities\pgffor.sty"
("D:\Program Files\MiKTeX 2.9\tex/latex/pgf/utilities\pgfkeys.sty"
("D:\Program Files\MiKTeX 2.9\tex/generic/pgf/utilities\pgfkeys.code.tex"))
("D:\Program Files\MiKTeX 2.9\tex/latex/pgf/math\pgfmath.sty"
("D:\Program Files\MiKTeX 2.9\tex/generic/pgf/math\pgfmath.code.tex"))
("D:\Program Files\MiKTeX 2.9\tex/generic/pgf/utilities\pgffor.code.tex"
Package: pgffor 2019/08/03 v3.1.4b (3.1.4b)

("D:\Program Files\MiKTeX 2.9\tex/generic/pgf/math\pgfmath.code.tex")
\pgffor@iter=\dimen260
\pgffor@skip=\dimen261
\pgffor@stack=\toks33
\pgffor@toks=\toks34
))
("D:\Program Files\MiKTeX 2.9\tex/generic/pgf/frontendlayer/tikz\tikz.code.tex"
Package: tikz 2019/08/03 v3.1.4b (3.1.4b)

("D:\Program Files\MiKTeX 2.9\tex/generic/pgf/libraries\pgflibraryplothandlers.
code.tex"
File: pgflibraryplothandlers.code.tex 2019/08/03 v3.1.4b (3.1.4b)
\pgf@plot@mark@count=\count297
\pgfplotmarksize=\dimen262
)
\tikz@lastx=\dimen263
\tikz@lasty=\dimen264
\tikz@lastxsaved=\dimen265
\tikz@lastysaved=\dimen266
\tikz@lastmovetox=\dimen267
\tikz@lastmovetoy=\dimen268
\tikzleveldistance=\dimen269
\tikzsiblingdistance=\dimen270
\tikz@figbox=\box65
\tikz@figbox@bg=\box66
\tikz@tempbox=\box67
\tikz@tempbox@bg=\box68
\tikztreelevel=\count298
\tikznumberofchildren=\count299
\tikznumberofcurrentchild=\count300
\tikz@fig@count=\count301

("D:\Program Files\MiKTeX 2.9\tex/generic/pgf/modules\pgfmodulematrix.code.tex"
File: pgfmodulematrix.code.tex 2019/08/03 v3.1.4b (3.1.4b)
\pgfmatrixcurrentrow=\count302
\pgfmatrixcurrentcolumn=\count303
\pgf@matrix@numberofcolumns=\count304
)
\tikz@expandcount=\count305

("D:\Program Files\MiKTeX 2.9\tex/generic/pgf/frontendlayer/tikz/libraries\tikz
librarytopaths.code.tex"
File: tikzlibrarytopaths.code.tex 2019/08/03 v3.1.4b (3.1.4b)
)))
("D:\Program Files\MiKTeX 2.9\tex/latex/caption\caption.sty"
Package: caption 2018/10/06 v3.3-154 Customizing captions (AR)

("D:\Program Files\MiKTeX 2.9\tex/latex/caption\caption3.sty"
Package: caption3 2018/09/12 v1.8c caption3 kernel (AR)
Package caption3 Info: TeX engine: e-TeX on input line 64.
\captionmargin=\dimen271
\captionmargin@=\dimen272
\captionwidth=\dimen273
\caption@tempdima=\dimen274
\caption@indent=\dimen275
\caption@parindent=\dimen276
\caption@hangindent=\dimen277
)
\c@caption@flags=\count306
\c@ContinuedFloat=\count307
)
("D:\Program Files\MiKTeX 2.9\tex/latex/base\inputenc.sty"
Package: inputenc 2018/08/11 v1.3c Input encoding file
\inpenc@prehook=\toks35
\inpenc@posthook=\toks36
)
("D:\Program Files\MiKTeX 2.9\tex/latex/pdfpages\pdfpages.sty"
Package: pdfpages 2019/11/21 v0.5o Insert pages of external PDF documents (AM)

("D:\Program Files\MiKTeX 2.9\tex/latex/base\ifthen.sty"
Package: ifthen 2014/09/29 v1.1c Standard LaTeX ifthen package (DPC)
)
("D:\Program Files\MiKTeX 2.9\tex/latex/tools\calc.sty"
Package: calc 2017/05/25 v4.3 Infix arithmetic (KKT,FJ)
\calc@Acount=\count308
\calc@Bcount=\count309
\calc@Adimen=\dimen278
\calc@Bdimen=\dimen279
\calc@Askip=\skip74
\calc@Bskip=\skip75
LaTeX Info: Redefining \setlength on input line 80.
LaTeX Info: Redefining \addtolength on input line 81.
\calc@Ccount=\count310
\calc@Cskip=\skip76
)
("D:\Program Files\MiKTeX 2.9\tex/latex/eso-pic\eso-pic.sty"
Package: eso-pic 2018/04/12 v2.0h eso-pic (RN)

("D:\Program Files\MiKTeX 2.9\tex/generic/oberdiek\atbegshi.sty"
Package: atbegshi 2016/06/09 v1.18 At begin shipout hook (HO)

("D:\Program Files\MiKTeX 2.9\tex/generic/oberdiek\infwarerr.sty"
Package: infwarerr 2016/05/16 v1.4 Providing info/warning/error messages (HO)
)
("D:\Program Files\MiKTeX 2.9\tex/generic/oberdiek\ltxcmds.sty"
Package: ltxcmds 2016/05/16 v1.23 LaTeX kernel commands for general use (HO)
)
("D:\Program Files\MiKTeX 2.9\tex/generic/oberdiek\ifpdf.sty"
Package: ifpdf 2018/09/07 v3.3 Provides the ifpdf switch
)))
\AM@pagewidth=\dimen280
\AM@pageheight=\dimen281

("D:\Program Files\MiKTeX 2.9\tex/latex/pdfpages\pppdftex.def"
File: pppdftex.def 2019/11/21 v0.5o Pdfpages driver for pdfTeX (AM)
)
\AM@pagebox=\box69
\AM@global@opts=\toks37
\AM@toc@title=\toks38
\c@AM@survey=\count311
\AM@templatesizebox=\box70
)
   defining Unicode char U+2032 (decimal 8242)

("D:\Program Files\MiKTeX 2.9\tex/generic/pgf/frontendlayer/tikz/libraries\tikz
libraryshapes.geometric.code.tex"
File: tikzlibraryshapes.geometric.code.tex 2019/08/03 v3.1.4b (3.1.4b)

("D:\Program Files\MiKTeX 2.9\tex/generic/pgf/libraries/shapes\pgflibraryshapes
.geometric.code.tex"
File: pgflibraryshapes.geometric.code.tex 2019/08/03 v3.1.4b (3.1.4b)
))
("D:\Program Files\MiKTeX 2.9\tex/generic/pgf/frontendlayer/tikz/libraries\tikz
libraryarrows.code.tex"
File: tikzlibraryarrows.code.tex 2019/08/03 v3.1.4b (3.1.4b)

("D:\Program Files\MiKTeX 2.9\tex/generic/pgf/libraries\pgflibraryarrows.code.t
ex"
File: pgflibraryarrows.code.tex 2019/08/03 v3.1.4b (3.1.4b)
\arrowsize=\dimen282
)) ("D:\Program Files\MiKTeX 2.9\tex/latex/setspace\setspace.sty"
Package: setspace 2011/12/19 v6.7a set line spacing
)
("D:\Program Files\MiKTeX 2.9\tex/latex/geometry\geometry.sty"
Package: geometry 2018/04/16 v5.8 Page Geometry

("D:\Program Files\MiKTeX 2.9\tex/generic/oberdiek\ifvtex.sty"
Package: ifvtex 2016/05/16 v1.6 Detect VTeX and its facilities (HO)
Package ifvtex Info: VTeX not detected.
)
("D:\Program Files\MiKTeX 2.9\tex/generic/ifxetex\ifxetex.sty"
Package: ifxetex 2010/09/12 v0.6 Provides ifxetex conditional
)
\Gm@cnth=\count312
\Gm@cntv=\count313
\c@Gm@tempcnt=\count314
\Gm@bindingoffset=\dimen283
\Gm@wd@mp=\dimen284
\Gm@odd@mp=\dimen285
\Gm@even@mp=\dimen286
\Gm@layoutwidth=\dimen287
\Gm@layoutheight=\dimen288
\Gm@layouthoffset=\dimen289
\Gm@layoutvoffset=\dimen290
\Gm@dimlist=\toks39

("D:\Program Files\MiKTeX 2.9\tex/latex/geometry\geometry.cfg"))
("D:\Program Files\MiKTeX 2.9\tex/latex/subfig\subfig.sty"
Package: subfig 2005/06/28 ver: 1.3 subfig package
\c@KVtest=\count315
\sf@farskip=\skip77
\sf@captopadj=\dimen291
\sf@capskip=\skip78
\sf@nearskip=\skip79
\c@subfigure=\count316
\c@subfigure@save=\count317
\c@lofdepth=\count318
\c@subtable=\count319
\c@subtable@save=\count320
\c@lotdepth=\count321
\sf@top=\skip80
\sf@bottom=\skip81
)
("D:\Program Files\MiKTeX 2.9\tex/latex/listings\listings.sty"
\lst@mode=\count322
\lst@gtempboxa=\box71
\lst@token=\toks40
\lst@length=\count323
\lst@currlwidth=\dimen292
\lst@column=\count324
\lst@pos=\count325
\lst@lostspace=\dimen293
\lst@width=\dimen294
\lst@newlines=\count326
\lst@lineno=\count327
\lst@maxwidth=\dimen295

("D:\Program Files\MiKTeX 2.9\tex/latex/listings\lstmisc.sty"
File: lstmisc.sty 2019/09/10 1.8c (Carsten Heinz)
\c@lstnumber=\count328
\lst@skipnumbers=\count329
\lst@framebox=\box72
)
("D:\Program Files\MiKTeX 2.9\tex/latex/listings\listings.cfg"
File: listings.cfg 2019/09/10 1.8c listings configuration
))
Package: listings 2019/09/10 1.8c (Carsten Heinz)
LaTeX Font Info:    Try loading font information for T1+txtt on input line 56.

("D:\Program Files\MiKTeX 2.9\tex/latex/txfonts\t1txtt.fd"
File: t1txtt.fd 2000/12/15 v3.1
)

Package csquotes Warning: Load 'inputenc' before 'csquotes' on input line 92.

Package csquotes Info: Checking for multilingual support...
Package csquotes Info: ... none found.
No file master_thesis_draft.aux.
\openout1 = `master_thesis_draft.aux'.

LaTeX Font Info:    Checking defaults for OML/cmm/m/it on input line 92.
LaTeX Font Info:    ... okay on input line 92.
LaTeX Font Info:    Checking defaults for T1/cmr/m/n on input line 92.
LaTeX Font Info:    ... okay on input line 92.
LaTeX Font Info:    Checking defaults for OT1/cmr/m/n on input line 92.
LaTeX Font Info:    ... okay on input line 92.
LaTeX Font Info:    Checking defaults for OMS/cmsy/m/n on input line 92.
LaTeX Font Info:    ... okay on input line 92.
LaTeX Font Info:    Checking defaults for OMX/cmex/m/n on input line 92.
LaTeX Font Info:    ... okay on input line 92.
LaTeX Font Info:    Checking defaults for U/cmr/m/n on input line 92.
LaTeX Font Info:    ... okay on input line 92.
Now handling font encoding TS1 ...
... processing UTF-8 mapping file for font encoding TS1
("D:\Program Files\MiKTeX 2.9\tex/latex/base\ts1enc.dfu"
File: ts1enc.dfu 2018/10/05 v1.2f UTF-8 support for inputenc
   defining Unicode char U+00A2 (decimal 162)
   defining Unicode char U+00A3 (decimal 163)
   defining Unicode char U+00A4 (decimal 164)
   defining Unicode char U+00A5 (decimal 165)
   defining Unicode char U+00A6 (decimal 166)
   defining Unicode char U+00A7 (decimal 167)
   defining Unicode char U+00A8 (decimal 168)
   defining Unicode char U+00A9 (decimal 169)
   defining Unicode char U+00AA (decimal 170)
   defining Unicode char U+00AC (decimal 172)
   defining Unicode char U+00AE (decimal 174)
   defining Unicode char U+00AF (decimal 175)
   defining Unicode char U+00B0 (decimal 176)
   defining Unicode char U+00B1 (decimal 177)
   defining Unicode char U+00B2 (decimal 178)
   defining Unicode char U+00B3 (decimal 179)
   defining Unicode char U+00B4 (decimal 180)
   defining Unicode char U+00B5 (decimal 181)
   defining Unicode char U+00B6 (decimal 182)
   defining Unicode char U+00B7 (decimal 183)
   defining Unicode char U+00B9 (decimal 185)
   defining Unicode char U+00BA (decimal 186)
   defining Unicode char U+00BC (decimal 188)
   defining Unicode char U+00BD (decimal 189)
   defining Unicode char U+00BE (decimal 190)
   defining Unicode char U+00D7 (decimal 215)
   defining Unicode char U+00F7 (decimal 247)
   defining Unicode char U+0192 (decimal 402)
   defining Unicode char U+02C7 (decimal 711)
   defining Unicode char U+02D8 (decimal 728)
   defining Unicode char U+02DD (decimal 733)
   defining Unicode char U+0E3F (decimal 3647)
   defining Unicode char U+2016 (decimal 8214)
   defining Unicode char U+2020 (decimal 8224)
   defining Unicode char U+2021 (decimal 8225)
   defining Unicode char U+2022 (decimal 8226)
   defining Unicode char U+2030 (decimal 8240)
   defining Unicode char U+2031 (decimal 8241)
   defining Unicode char U+203B (decimal 8251)
   defining Unicode char U+203D (decimal 8253)
   defining Unicode char U+2044 (decimal 8260)
   defining Unicode char U+204E (decimal 8270)
   defining Unicode char U+2052 (decimal 8274)
   defining Unicode char U+20A1 (decimal 8353)
   defining Unicode char U+20A4 (decimal 8356)
   defining Unicode char U+20A6 (decimal 8358)
   defining Unicode char U+20A9 (decimal 8361)
   defining Unicode char U+20AB (decimal 8363)
   defining Unicode char U+20AC (decimal 8364)
   defining Unicode char U+20B1 (decimal 8369)
   defining Unicode char U+2103 (decimal 8451)
   defining Unicode char U+2116 (decimal 8470)
   defining Unicode char U+2117 (decimal 8471)
   defining Unicode char U+211E (decimal 8478)
   defining Unicode char U+2120 (decimal 8480)
   defining Unicode char U+2122 (decimal 8482)
   defining Unicode char U+2126 (decimal 8486)
   defining Unicode char U+2127 (decimal 8487)
   defining Unicode char U+212E (decimal 8494)
   defining Unicode char U+2190 (decimal 8592)
   defining Unicode char U+2191 (decimal 8593)
   defining Unicode char U+2192 (decimal 8594)
   defining Unicode char U+2193 (decimal 8595)
   defining Unicode char U+2329 (decimal 9001)
   defining Unicode char U+232A (decimal 9002)
   defining Unicode char U+2422 (decimal 9250)
   defining Unicode char U+25E6 (decimal 9702)
   defining Unicode char U+25EF (decimal 9711)
   defining Unicode char U+266A (decimal 9834)
   defining Unicode char U+FEFF (decimal 65279)
)
("D:\Program Files\MiKTeX 2.9\tex/latex/translator\translator-basic-dictionary-
English.dict"
Dictionary: translator-basic-dictionary, Language: English 
)
("D:\Program Files\MiKTeX 2.9\tex/latex/siunitx\siunitx-abbreviations.cfg"
File: siunitx-abbreviations.cfg 2017/11/26 v2.7k siunitx: Abbreviated units
)
ABD: EveryShipout initializing macros
("D:\Program Files\MiKTeX 2.9\tex/context/base/mkii\supp-pdf.mkii"
[Loading MPS to PDF converter (version 2006.09.02).]
\scratchcounter=\count330
\scratchdimen=\dimen296
\scratchbox=\box73
\nofMPsegments=\count331
\nofMParguments=\count332
\everyMPshowfont=\toks41
\MPscratchCnt=\count333
\MPscratchDim=\dimen297
\MPnumerator=\count334
\makeMPintoPDFobject=\count335
\everyMPtoPDFconversion=\toks42
) ("D:\Program Files\MiKTeX 2.9\tex/latex/oberdiek\epstopdf-base.sty"
Package: epstopdf-base 2016/05/15 v2.6 Base part for package epstopdf

("D:\Program Files\MiKTeX 2.9\tex/latex/oberdiek\grfext.sty"
Package: grfext 2016/05/16 v1.2 Manage graphics extensions (HO)

("D:\Program Files\MiKTeX 2.9\tex/generic/oberdiek\kvdefinekeys.sty"
Package: kvdefinekeys 2016/05/16 v1.4 Define keys (HO)
))
("D:\Program Files\MiKTeX 2.9\tex/latex/oberdiek\kvoptions.sty"
Package: kvoptions 2016/05/16 v3.12 Key value format for package options (HO)

("D:\Program Files\MiKTeX 2.9\tex/generic/oberdiek\kvsetkeys.sty"
Package: kvsetkeys 2016/05/16 v1.17 Key value parser (HO)

("D:\Program Files\MiKTeX 2.9\tex/generic/oberdiek\etexcmds.sty"
Package: etexcmds 2016/05/16 v1.6 Avoid name clashes with e-TeX commands (HO)

("D:\Program Files\MiKTeX 2.9\tex/generic/oberdiek\ifluatex.sty"
Package: ifluatex 2016/05/16 v1.4 Provides the ifluatex switch (HO)
Package ifluatex Info: LuaTeX not detected.
))))
("D:\Program Files\MiKTeX 2.9\tex/generic/oberdiek\pdftexcmds.sty"
Package: pdftexcmds 2019/07/25 v0.30 Utility functions of pdfTeX for LuaTeX (HO
)
Package pdftexcmds Info: LuaTeX not detected.
Package pdftexcmds Info: \pdf@primitive is available.
Package pdftexcmds Info: \pdf@ifprimitive is available.
Package pdftexcmds Info: \pdfdraftmode found.
)
Package epstopdf-base Info: Redefining graphics rule for `.eps' on input line 4
38.
Package grfext Info: Graphics extension search list:
(grfext)             [.pdf,.png,.jpg,.mps,.jpeg,.jbig2,.jb2,.PDF,.PNG,.JPG,.JPE
G,.JBIG2,.JB2,.eps]
(grfext)             \AppendGraphicsExtensions on input line 456.
)
Package caption Info: Begin \AtBeginDocument code.
Package caption Info: subfig package v1.3 is loaded.
Package caption Info: listings package is loaded.
Package caption Info: End \AtBeginDocument code.
\AtBeginShipoutBox=\box74

("D:\Program Files\MiKTeX 2.9\tex/latex/oberdiek\pdflscape.sty"
Package: pdflscape 2016/05/14 v0.11 Display of landscape pages in PDF (HO)

("D:\Program Files\MiKTeX 2.9\tex/latex/graphics\lscape.sty"
Package: lscape 2000/10/22 v3.01 Landscape Pages (DPC)
)
Package pdflscape Info: Auto-detected driver: pdftex on input line 81.
)
*geometry* driver: auto-detecting
*geometry* detected driver: pdftex
*geometry* verbose mode - [ preamble ] result:
* driver: pdftex
* paper: a4paper
* layout: <same size as paper>
* layoutoffset:(h,v)=(0.0pt,0.0pt)
* modes: 
* h-part:(L,W,R)=(81.94394pt, 433.62pt, 81.94394pt)
* v-part:(T,H,B)=(106.75473pt, 578.15999pt, 160.13213pt)
* \paperwidth=597.50787pt
* \paperheight=845.04684pt
* \textwidth=433.62pt
* \textheight=578.15999pt
* \oddsidemargin=9.67395pt
* \evensidemargin=9.67395pt
* \topmargin=-2.51526pt
* \headheight=12.0pt
* \headsep=25.0pt
* \topskip=10.0pt
* \footskip=30.0pt
* \marginparwidth=65.0pt
* \marginparsep=11.0pt
* \columnsep=10.0pt
* \skip\footins=9.0pt plus 4.0pt minus 2.0pt
* \hoffset=0.0pt
* \voffset=0.0pt
* \mag=1000
* \@twocolumnfalse
* \@twosidefalse
* \@mparswitchfalse
* \@reversemarginfalse
* (1in=72.27pt=25.4mm, 1cm=28.453pt)

\c@lstlisting=\count336
[1

{C:/Users/rayno/AppData/Local/MiKTeX/2.9/pdftex/config/pdftex.map}] [2]
[3]
No file master_thesis_draft.toc.
\tf@toc=\write4
\openout4 = `master_thesis_draft.toc'.

[4]

LaTeX Warning: Citation `Mehrer2007' on page 1 undefined on input line 115.


LaTeX Warning: Citation `Einstein1905' on page 1 undefined on input line 117.

LaTeX Font Info:    Try loading font information for TS1+cmr on input line 117.

("D:\Program Files\MiKTeX 2.9\tex/latex/base\ts1cmr.fd"
File: ts1cmr.fd 2014/09/29 v2.5h Standard LaTeX font definitions
)

LaTeX Warning: Citation `Mehrer2007' on page 1 undefined on input line 117.


LaTeX Warning: Citation `Mantina2008' on page 1 undefined on input line 119.


LaTeX Warning: Citation `Mishin2005' on page 1 undefined on input line 119.


LaTeX Warning: Citation `Mantina2008' on page 1 undefined on input line 121.


LaTeX Warning: Citation `Kaur1995' on page 1 undefined on input line 123.


LaTeX Warning: Citation `Davidchack2009' on page 1 undefined on input line 123.



LaTeX Warning: Citation `Evans1985' on page 1 undefined on input line 123.


LaTeX Warning: Citation `Mendelev2009' on page 1 undefined on input line 123.

[1]

LaTeX Warning: Citation `Maradudin1963' on page 2 undefined on input line 125.


LaTeX Warning: Citation `Vanden-Eijnden2009' on page 2 undefined on input line 
129.


LaTeX Warning: Citation `Swinburne2017' on page 2 undefined on input line 129.


LaTeX Warning: Citation `Vanden-Eijnden2009a' on page 2 undefined on input line
 129.

<./images/0.png, id=34, 361.35pt x 360.59718pt>
File: ./images/0.png Graphic file (type png)
<use ./images/0.png>
Package pdftex.def Info: ./images/0.png  used on input line 135.
(pdftex.def)             Requested size: 108.405pt x 108.17998pt.
<./images/1.png, id=35, 361.35pt x 360.59718pt>
File: ./images/1.png Graphic file (type png)
<use ./images/1.png>
Package pdftex.def Info: ./images/1.png  used on input line 136.
(pdftex.def)             Requested size: 108.405pt x 108.17998pt.
<./images/2.png, id=36, 361.35pt x 360.59718pt>
File: ./images/2.png Graphic file (type png)
<use ./images/2.png>
Package pdftex.def Info: ./images/2.png  used on input line 137.
(pdftex.def)             Requested size: 108.405pt x 108.17998pt.
<./images/3.png, id=37, 361.35pt x 360.59718pt>
File: ./images/3.png Graphic file (type png)
<use ./images/3.png>
Package pdftex.def Info: ./images/3.png  used on input line 138.
(pdftex.def)             Requested size: 108.405pt x 108.17998pt.
<./images/4.png, id=38, 361.35pt x 360.59718pt>
File: ./images/4.png Graphic file (type png)
<use ./images/4.png>
Package pdftex.def Info: ./images/4.png  used on input line 139.
(pdftex.def)             Requested size: 108.405pt x 108.17998pt.

LaTeX Warning: Citation `Shewmon2016' on page 2 undefined on input line 148.


LaTeX Warning: Citation `Mehrer1978' on page 2 undefined on input line 148.


LaTeX Warning: Citation `Mendelev2007' on page 2 undefined on input line 148.

[2] [3 <D:/master_thesis/master-thesis/images/0.png> <D:/master_thesis/master-t
hesis/images/1.png> <D:/master_thesis/master-thesis/images/2.png> <D:/master_th
esis/master-thesis/images/3.png> <D:/master_thesis/master-thesis/images/4.png>]

LaTeX Warning: Citation `Ehrhart1992' on page 4 undefined on input line 152.


LaTeX Warning: Citation `Gottstein2004' on page 4 undefined on input line 160.


LaTeX Warning: Citation `Mehrer2007' on page 4 undefined on input line 164.


LaTeX Warning: Citation `Eyring1935' on page 4 undefined on input line 166.

[4]

LaTeX Warning: Citation `Gottstein2004' on page 5 undefined on input line 174.

<./images/jumping_atom.png, id=52, 436.12938pt x 297.61188pt>
File: ./images/jumping_atom.png Graphic file (type png)
<use ./images/jumping_atom.png>
Package pdftex.def Info: ./images/jumping_atom.png  used on input line 184.
(pdftex.def)             Requested size: 305.28848pt x 208.32689pt.

LaTeX Warning: Citation `Mehrer2007' on page 5 undefined on input line 185.


LaTeX Warning: Citation `Mehrer2007' on page 5 undefined on input line 185.


LaTeX Warning: Citation `Leclaire' on page 5 undefined on input line 191.

[5 <D:/master_thesis/master-thesis/images/jumping_atom.png>]

LaTeX Warning: Citation `Montet1973' on page 6 undefined on input line 197.


LaTeX Warning: Citation `VonSmoluchowski1906' on page 6 undefined on input line
 201.


Underfull \hbox (badness 10000) in paragraph at lines 205--208

 []


LaTeX Warning: Reference `eq:3' on page 6 undefined on input line 209.


LaTeX Warning: Reference `eq:5' on page 6 undefined on input line 209.


LaTeX Warning: Reference `eq:3' on page 6 undefined on input line 213.


LaTeX Warning: Citation `Vineyard1957' on page 6 undefined on input line 213.


LaTeX Warning: Citation `Henkelman2000' on page 6 undefined on input line 213.


LaTeX Warning: Reference `eq:2' on page 6 undefined on input line 217.

[6]

LaTeX Warning: Citation `Togo2010' on page 7 undefined on input line 242.


LaTeX Warning: Reference `eq:1' on page 7 undefined on input line 242.

[7]

LaTeX Warning: Reference `eq:6' on page 8 undefined on input line 252.


LaTeX Warning: Citation `JONSSON1998' on page 8 undefined on input line 252.


LaTeX Warning: Citation `Henkelman2000' on page 8 undefined on input line 254.


LaTeX Warning: Citation `Henkelman2000' on page 8 undefined on input line 260.


LaTeX Warning: Citation `Henkelman2000a' on page 8 undefined on input line 266.


<./images/neb.png, id=63, 202.7575pt x 130.4875pt>
File: ./images/neb.png Graphic file (type png)
<use ./images/neb.png>
Package pdftex.def Info: ./images/neb.png  used on input line 270.
(pdftex.def)             Requested size: 243.30779pt x 156.5842pt.
[8]

LaTeX Warning: Reference `eq:6' on page 9 undefined on input line 275.


Underfull \hbox (badness 10000) in paragraph at lines 275--276

 []


LaTeX Warning: Reference `eq:3' on page 9 undefined on input line 277.


LaTeX Warning: Citation `Mendelev2009' on page 9 undefined on input line 281.


LaTeX Warning: Citation `Vanden-Eijnden2009' on page 9 undefined on input line 
283.

[9 <D:/master_thesis/master-thesis/images/neb.png>]

LaTeX Warning: Reference `eq:5' on page 10 undefined on input line 287.


LaTeX Warning: Citation `Mendelev2009' on page 10 undefined on input line 293.


LaTeX Warning: Citation `Glensk2013' on page 10 undefined on input line 295.


Overfull \hbox (3.6215pt too wide) in paragraph at lines 297--297
|[]\OT1/cmr/bx/n/12 An al-ter-nate ap-proach - The Fi-nite Tem-per-a-ture Strin
g (FTS) method| 
 []


LaTeX Warning: Citation `Weinan2005' on page 10 undefined on input line 299.


LaTeX Warning: Citation `Vanden-Eijnden2009' on page 10 undefined on input line
 299.


LaTeX Warning: Citation `Hastie1989' on page 10 undefined on input line 299.

[10]

LaTeX Warning: Citation `Hastie1989' on page 11 undefined on input line 301.


LaTeX Warning: Reference `fig:5' on page 11 undefined on input line 301.


LaTeX Warning: Citation `Weinan2005' on page 11 undefined on input line 301.

<./images/MEP_fts.jpeg, id=76, 180.675pt x 144.41956pt>
File: ./images/MEP_fts.jpeg Graphic file (type jpg)
<use ./images/MEP_fts.jpeg>
Package pdftex.def Info: ./images/MEP_fts.jpeg  used on input line 305.
(pdftex.def)             Requested size: 216.8089pt x 173.30258pt.

LaTeX Warning: Citation `Vanden-Eijnden2009' on page 11 undefined on input line
 306.


LaTeX Warning: Citation `Vanden-Eijnden2009' on page 11 undefined on input line
 306.

[11 <D:/master_thesis/master-thesis/images/MEP_fts.jpeg>]

LaTeX Warning: Citation `Vanden-Eijnden2009' on page 12 undefined on input line
 312.


LaTeX Warning: Citation `Swinburne2017' on page 12 undefined on input line 314.



LaTeX Warning: Citation `Vanden-Eijnden2009a' on page 12 undefined on input lin
e 314.


LaTeX Warning: Reference `eq:3' on page 12 undefined on input line 316.

<./images/FTS_anharmonic.png, id=80, 303.1325pt x 464.73625pt>
File: ./images/FTS_anharmonic.png Graphic file (type png)
<use ./images/FTS_anharmonic.png>
Package pdftex.def Info: ./images/FTS_anharmonic.png  used on input line 320.
(pdftex.def)             Requested size: 303.13176pt x 464.7351pt.
[12] [13 <D:/master_thesis/master-thesis/images/FTS_anharmonic.png>]

LaTeX Warning: Citation `Weinan2005' on page 14 undefined on input line 331.


LaTeX Warning: Citation `Vanden-Eijnden2009' on page 14 undefined on input line
 331.


LaTeX Warning: Citation `Vanden-Eijnden2009a' on page 14 undefined on input lin
e 331.


LaTeX Warning: Citation `deKoning' on page 14 undefined on input line 331.


LaTeX Warning: Reference `fig:5' on page 14 undefined on input line 336.

[14]
Overfull \hbox (11.48622pt too wide) in paragraph at lines 395--396
 [] 
 []


LaTeX Warning: Float too large for page by 12.72911pt on input line 399.


LaTeX Warning: Citation `Bender2000' on page 15 undefined on input line 403.


Underfull \hbox (badness 10000) in paragraph at lines 403--404

 []


LaTeX Warning: Citation `Davidchack2009' on page 15 undefined on input line 419
.


LaTeX Warning: Citation `Swope1982' on page 15 undefined on input line 419.


LaTeX Warning: Citation `Schlick2010' on page 15 undefined on input line 438.

[15] [16]

LaTeX Warning: Reference `eq:12' on page 17 undefined on input line 466.


Underfull \hbox (badness 10000) in paragraph at lines 477--480

 []

[17]
Underfull \hbox (badness 10000) in paragraph at lines 489--490

 []


LaTeX Warning: Citation `Vanden-Eijnden2009' on page 18 undefined on input line
 501.

[18]
Underfull \hbox (badness 10000) in paragraph at lines 542--545

 []

[19]
Underfull \hbox (badness 10000) in paragraph at lines 565--570

 []


LaTeX Warning: Reference `eq:3' on page 20 undefined on input line 594.


LaTeX Warning: Citation `Vanden-Eijnden2009a' on page 20 undefined on input lin
e 594.

[20]

LaTeX Warning: Reference `fig:7' on page 21 undefined on input line 598.


LaTeX Warning: Reference `sec:3.1' on page 21 undefined on input line 598.


Underfull \hbox (badness 10000) in paragraph at lines 598--599

 []


Underfull \hbox (badness 10000) in paragraph at lines 606--607

 []

[21]
Underfull \hbox (badness 10000) in paragraph at lines 616--619

 []

<./images/voronoi.jpeg, id=117, 168.63pt x 141.1674pt>
File: ./images/voronoi.jpeg Graphic file (type jpg)
<use ./images/voronoi.jpeg>
Package pdftex.def Info: ./images/voronoi.jpeg  used on input line 622.
(pdftex.def)             Requested size: 202.35497pt x 169.40001pt.

LaTeX Warning: Citation `Vanden-Eijnden2009a' on page 22 undefined on input lin
e 623.


LaTeX Warning: Citation `Vanden-Eijnden2009a' on page 22 undefined on input lin
e 623.


Underfull \hbox (badness 10000) in paragraph at lines 629--630

 []

[22 <D:/master_thesis/master-thesis/images/voronoi.jpeg>] [23]

LaTeX Warning: Citation `Myung2003' on page 24 undefined on input line 692.


Underfull \hbox (badness 10000) in paragraph at lines 707--710

 []

[24]

LaTeX Warning: Reference `eq:42' on page 25 undefined on input line 723.


LaTeX Warning: Citation `Glensk2013' on page 25 undefined on input line 723.


LaTeX Warning: Citation `Wen2012' on page 25 undefined on input line 725.


LaTeX Warning: Citation `deKoning' on page 25 undefined on input line 725.


LaTeX Warning: Citation `deKoning' on page 25 undefined on input line 725.

[25]

LaTeX Warning: Reference `eq:43' on page 26 undefined on input line 753.


Underfull \hbox (badness 10000) in paragraph at lines 757--760

 []

[26]

LaTeX Warning: Citation `Janssen2019' on page 27 undefined on input line 764.


LaTeX Warning: Citation `Plimpton1995' on page 27 undefined on input line 764.


LaTeX Warning: Citation `Kresse1993' on page 27 undefined on input line 764.


LaTeX Warning: Citation `Kresse1996a' on page 27 undefined on input line 764.


LaTeX Warning: Citation `Kresse1996' on page 27 undefined on input line 764.


LaTeX Warning: Citation `Togo2015' on page 27 undefined on input line 764.


LaTeX Warning: Citation `Nguyen2018' on page 27 undefined on input line 764.


LaTeX Warning: Citation `Mendelev2009a' on page 27 undefined on input line 766.



LaTeX Warning: Citation `Mishin2004' on page 27 undefined on input line 766.


LaTeX Warning: Citation `Mendelev2008' on page 27 undefined on input line 766.


LaTeX Warning: Citation `Ackland1997' on page 27 undefined on input line 766.


LaTeX Warning: Citation `Zhou2004' on page 27 undefined on input line 766.


Underfull \hbox (badness 10000) in paragraph at lines 766--767

 []


LaTeX Warning: Citation `Togo2015' on page 27 undefined on input line 768.

[27]

LaTeX Warning: Reference `eq:43' on page 28 undefined on input line 780.


LaTeX Warning: Reference `TILD' on page 28 undefined on input line 780.


LaTeX Warning: Reference `eq:9' on page 28 undefined on input line 780.


LaTeX Warning: Reference `string_evo' on page 28 undefined on input line 784.


LaTeX Warning: Reference `mile' on page 28 undefined on input line 788.


LaTeX Warning: Reference `eq:5' on page 28 undefined on input line 792.

[28]
<./images/al_therm_exp.png, id=144, 433.62pt x 289.08pt>
File: ./images/al_therm_exp.png Graphic file (type png)
<use ./images/al_therm_exp.png>
Package pdftex.def Info: ./images/al_therm_exp.png  used on input line 803.
(pdftex.def)             Requested size: 216.81pt x 144.53964pt.
<./images/al_bulk_anharm.png, id=145, 433.62pt x 289.08pt>
File: ./images/al_bulk_anharm.png Graphic file (type png)
<use ./images/al_bulk_anharm.png>
Package pdftex.def Info: ./images/al_bulk_anharm.png  used on input line 804.
(pdftex.def)             Requested size: 216.81pt x 144.53964pt.
<./images/al_vac_form.png, id=146, 433.62pt x 289.08pt>
File: ./images/al_vac_form.png Graphic file (type png)
<use ./images/al_vac_form.png>
Package pdftex.def Info: ./images/al_vac_form.png  used on input line 805.
(pdftex.def)             Requested size: 216.81pt x 144.53964pt.
<./images/al_vac_mig.png, id=147, 433.62pt x 289.08pt>
File: ./images/al_vac_mig.png Graphic file (type png)
<use ./images/al_vac_mig.png>
Package pdftex.def Info: ./images/al_vac_mig.png  used on input line 806.
(pdftex.def)             Requested size: 216.81pt x 144.53964pt.


LaTeX Warning: Citation `Mendelev2009a' on page 29 undefined on input line 807.



LaTeX Warning: Citation `Mendelev2009a' on page 29 undefined on input line 807.



LaTeX Warning: Command \r invalid in math mode on input line 811.


LaTeX Warning: Reference `fig:9' on page 29 undefined on input line 811.


LaTeX Warning: Reference `fig:9' on page 29 undefined on input line 811.


LaTeX Warning: Reference `fig:9' on page 29 undefined on input line 811.


LaTeX Warning: Citation `Glensk2013' on page 29 undefined on input line 811.


LaTeX Warning: Reference `fig:9' on page 29 undefined on input line 811.


LaTeX Warning: Reference `fig:9' on page 29 undefined on input line 811.

[29 <D:/master_thesis/master-thesis/images/al_therm_exp.png> <D:/master_thesis/
master-thesis/images/al_bulk_anharm.png> <D:/master_thesis/master-thesis/images
/al_vac_form.png> <D:/master_thesis/master-thesis/images/al_vac_mig.png>]
<./images/al_self_diffusion.png, id=155, 578.16pt x 433.62pt>
File: ./images/al_self_diffusion.png Graphic file (type png)
<use ./images/al_self_diffusion.png>
Package pdftex.def Info: ./images/al_self_diffusion.png  used on input line 817
.
(pdftex.def)             Requested size: 375.79955pt x 281.84966pt.


LaTeX Warning: Reference `fig:10' on page 30 undefined on input line 822.

[30 <D:/master_thesis/master-thesis/images/al_self_diffusion.png>]
<./images/ni_therm_exp.png, id=160, 433.62pt x 289.08pt>
File: ./images/ni_therm_exp.png Graphic file (type png)
<use ./images/ni_therm_exp.png>
Package pdftex.def Info: ./images/ni_therm_exp.png  used on input line 828.
(pdftex.def)             Requested size: 216.81pt x 144.53964pt.
<./images/ni_bulk_anharm.png, id=161, 433.62pt x 289.08pt>
File: ./images/ni_bulk_anharm.png Graphic file (type png)
<use ./images/ni_bulk_anharm.png>
Package pdftex.def Info: ./images/ni_bulk_anharm.png  used on input line 829.
(pdftex.def)             Requested size: 216.81pt x 144.53964pt.
<./images/ni_vac_form.png, id=162, 433.62pt x 289.08pt>
File: ./images/ni_vac_form.png Graphic file (type png)
<use ./images/ni_vac_form.png>
Package pdftex.def Info: ./images/ni_vac_form.png  used on input line 830.
(pdftex.def)             Requested size: 216.81pt x 144.53964pt.
<./images/ni_vac_mig.png, id=163, 433.62pt x 289.08pt>
File: ./images/ni_vac_mig.png Graphic file (type png)
<use ./images/ni_vac_mig.png>
Package pdftex.def Info: ./images/ni_vac_mig.png  used on input line 831.
(pdftex.def)             Requested size: 216.81pt x 144.53964pt.


LaTeX Warning: Citation `Mishin2004' on page 31 undefined on input line 832.


LaTeX Warning: Citation `Mishin2004' on page 31 undefined on input line 832.


LaTeX Warning: Reference `fig:11' on page 31 undefined on input line 836.


LaTeX Warning: Reference `fig:11' on page 31 undefined on input line 836.


LaTeX Warning: Citation `Gong2018' on page 31 undefined on input line 836.


LaTeX Warning: Reference `fig:11' on page 31 undefined on input line 836.


LaTeX Warning: Reference `fig:11' on page 31 undefined on input line 836.

[31 <D:/master_thesis/master-thesis/images/ni_therm_exp.png> <D:/master_thesis/
master-thesis/images/ni_bulk_anharm.png> <D:/master_thesis/master-thesis/images
/ni_vac_form.png> <D:/master_thesis/master-thesis/images/ni_vac_mig.png>]
<./images/ni_self_diffusion.png, id=171, 578.16pt x 433.62pt>
File: ./images/ni_self_diffusion.png Graphic file (type png)
<use ./images/ni_self_diffusion.png>
Package pdftex.def Info: ./images/ni_self_diffusion.png  used on input line 840
.
(pdftex.def)             Requested size: 375.79955pt x 281.84966pt.


LaTeX Warning: Reference `fig:12' on page 32 undefined on input line 845.

[32 <D:/master_thesis/master-thesis/images/ni_self_diffusion.png>]
<./images/cu_therm_exp.png, id=176, 433.62pt x 289.08pt>
File: ./images/cu_therm_exp.png Graphic file (type png)
<use ./images/cu_therm_exp.png>
Package pdftex.def Info: ./images/cu_therm_exp.png  used on input line 851.
(pdftex.def)             Requested size: 216.81pt x 144.53964pt.
<./images/cu_bulk_anharm.png, id=177, 433.62pt x 289.08pt>
File: ./images/cu_bulk_anharm.png Graphic file (type png)
<use ./images/cu_bulk_anharm.png>
Package pdftex.def Info: ./images/cu_bulk_anharm.png  used on input line 852.
(pdftex.def)             Requested size: 216.81pt x 144.53964pt.
<./images/cu_vac_form.png, id=178, 433.62pt x 289.08pt>
File: ./images/cu_vac_form.png Graphic file (type png)
<use ./images/cu_vac_form.png>
Package pdftex.def Info: ./images/cu_vac_form.png  used on input line 853.
(pdftex.def)             Requested size: 216.81pt x 144.53964pt.
<./images/cu_vac_mig.png, id=179, 433.62pt x 289.08pt>
File: ./images/cu_vac_mig.png Graphic file (type png)
<use ./images/cu_vac_mig.png>
Package pdftex.def Info: ./images/cu_vac_mig.png  used on input line 854.
(pdftex.def)             Requested size: 216.81pt x 144.53964pt.


LaTeX Warning: Citation `Mendelev2008' on page 33 undefined on input line 855.


LaTeX Warning: Citation `Mendelev2008' on page 33 undefined on input line 855.


LaTeX Warning: Reference `fig:13' on page 33 undefined on input line 859.


LaTeX Warning: Reference `fig:13' on page 33 undefined on input line 859.


LaTeX Warning: Reference `fig:10' on page 33 undefined on input line 859.


LaTeX Warning: Citation `Glensk2013' on page 33 undefined on input line 859.


LaTeX Warning: Reference `TILD' on page 33 undefined on input line 859.

[33 <D:/master_thesis/master-thesis/images/cu_therm_exp.png> <D:/master_thesis/
master-thesis/images/cu_bulk_anharm.png> <D:/master_thesis/master-thesis/images
/cu_vac_form.png> <D:/master_thesis/master-thesis/images/cu_vac_mig.png>]
<./images/cu_self_diffusion.png, id=188, 578.16pt x 433.62pt>
File: ./images/cu_self_diffusion.png Graphic file (type png)
<use ./images/cu_self_diffusion.png>
Package pdftex.def Info: ./images/cu_self_diffusion.png  used on input line 863
.
(pdftex.def)             Requested size: 375.79955pt x 281.84966pt.


LaTeX Warning: Reference `fig:14' on page 34 undefined on input line 868.

[34 <D:/master_thesis/master-thesis/images/cu_self_diffusion.png>]
<./images/fe_therm_exp.png, id=193, 433.62pt x 289.08pt>
File: ./images/fe_therm_exp.png Graphic file (type png)
<use ./images/fe_therm_exp.png>
Package pdftex.def Info: ./images/fe_therm_exp.png  used on input line 874.
(pdftex.def)             Requested size: 216.81pt x 144.53964pt.
<./images/fe_bulk_anharm.png, id=194, 433.62pt x 289.08pt>
File: ./images/fe_bulk_anharm.png Graphic file (type png)
<use ./images/fe_bulk_anharm.png>
Package pdftex.def Info: ./images/fe_bulk_anharm.png  used on input line 875.
(pdftex.def)             Requested size: 216.81pt x 144.53964pt.
<./images/fe_vac_form.png, id=195, 433.62pt x 289.08pt>
File: ./images/fe_vac_form.png Graphic file (type png)
<use ./images/fe_vac_form.png>
Package pdftex.def Info: ./images/fe_vac_form.png  used on input line 876.
(pdftex.def)             Requested size: 216.81pt x 144.53964pt.
<./images/fe_vac_mig.png, id=196, 433.62pt x 289.08pt>
File: ./images/fe_vac_mig.png Graphic file (type png)
<use ./images/fe_vac_mig.png>
Package pdftex.def Info: ./images/fe_vac_mig.png  used on input line 877.
(pdftex.def)             Requested size: 216.81pt x 144.53964pt.


LaTeX Warning: Citation `Ackland1997' on page 35 undefined on input line 878.


LaTeX Warning: Citation `Ackland1997' on page 35 undefined on input line 878.


LaTeX Warning: Command \r invalid in math mode on input line 882.


LaTeX Warning: Reference `fig:15' on page 35 undefined on input line 882.


LaTeX Warning: Reference `fig:15' on page 35 undefined on input line 882.


LaTeX Warning: Citation `Ackland1997' on page 35 undefined on input line 882.


LaTeX Warning: Reference `fig:15' on page 35 undefined on input line 882.


LaTeX Warning: Reference `fig:15' on page 35 undefined on input line 882.

[35 <D:/master_thesis/master-thesis/images/fe_therm_exp.png> <D:/master_thesis/
master-thesis/images/fe_bulk_anharm.png> <D:/master_thesis/master-thesis/images
/fe_vac_form.png> <D:/master_thesis/master-thesis/images/fe_vac_mig.png>]
<./images/fe_self_diffusion.png, id=204, 578.16pt x 433.62pt>
File: ./images/fe_self_diffusion.png Graphic file (type png)
<use ./images/fe_self_diffusion.png>
Package pdftex.def Info: ./images/fe_self_diffusion.png  used on input line 886
.
(pdftex.def)             Requested size: 375.79955pt x 281.84966pt.


LaTeX Warning: Reference `fig:16' on page 36 undefined on input line 891.

<./images/mo_therm_exp.png, id=205, 433.62pt x 289.08pt>
File: ./images/mo_therm_exp.png Graphic file (type png)
<use ./images/mo_therm_exp.png>
Package pdftex.def Info: ./images/mo_therm_exp.png  used on input line 897.
(pdftex.def)             Requested size: 216.81pt x 144.53964pt.
<./images/mo_bulk_anharm.png, id=206, 433.62pt x 289.08pt>
File: ./images/mo_bulk_anharm.png Graphic file (type png)
<use ./images/mo_bulk_anharm.png>
Package pdftex.def Info: ./images/mo_bulk_anharm.png  used on input line 898.
(pdftex.def)             Requested size: 216.81pt x 144.53964pt.
<./images/mo_vac_form.png, id=207, 433.62pt x 289.08pt>
File: ./images/mo_vac_form.png Graphic file (type png)
<use ./images/mo_vac_form.png>
Package pdftex.def Info: ./images/mo_vac_form.png  used on input line 899.
(pdftex.def)             Requested size: 216.81pt x 144.53964pt.
<./images/mo_vac_mig.png, id=208, 433.62pt x 289.08pt>
File: ./images/mo_vac_mig.png Graphic file (type png)
<use ./images/mo_vac_mig.png>
Package pdftex.def Info: ./images/mo_vac_mig.png  used on input line 900.
(pdftex.def)             Requested size: 216.81pt x 144.53964pt.

LaTeX Warning: Citation `Zhou2004' on page 36 undefined on input line 901.


LaTeX Warning: Citation `Zhou2004' on page 36 undefined on input line 901.

[36 <D:/master_thesis/master-thesis/images/fe_self_diffusion.png>]

LaTeX Warning: Reference `fig:17' on page 37 undefined on input line 905.


LaTeX Warning: Reference `fig:17' on page 37 undefined on input line 905.


LaTeX Warning: Reference `fig:17' on page 37 undefined on input line 905.


LaTeX Warning: Reference `fig:17' on page 37 undefined on input line 905.

<./images/mo_self_diffusion.png, id=213, 578.16pt x 433.62pt>
File: ./images/mo_self_diffusion.png Graphic file (type png)
<use ./images/mo_self_diffusion.png>
Package pdftex.def Info: ./images/mo_self_diffusion.png  used on input line 909
.
(pdftex.def)             Requested size: 375.79955pt x 281.84966pt.
[37 <D:/master_thesis/master-thesis/images/mo_therm_exp.png> <D:/master_thesis/
master-thesis/images/mo_bulk_anharm.png> <D:/master_thesis/master-thesis/images
/mo_vac_form.png> <D:/master_thesis/master-thesis/images/mo_vac_mig.png>]

LaTeX Warning: Reference `fig:18' on page 38 undefined on input line 914.

<./images/bulk_anharm_all.png, id=221, 433.62pt x 289.08pt>
File: ./images/bulk_anharm_all.png Graphic file (type png)
<use ./images/bulk_anharm_all.png>
Package pdftex.def Info: ./images/bulk_anharm_all.png  used on input line 922.
(pdftex.def)             Requested size: 281.84966pt x 187.89977pt.

LaTeX Warning: Command \r invalid in math mode on input line 923.


LaTeX Warning: Command \r invalid in math mode on input line 923.


LaTeX Warning: Reference `fig:19' on page 38 undefined on input line 927.


LaTeX Warning: Citation `Mendelev2009a' on page 38 undefined on input line 927.



LaTeX Warning: Citation `Mendelev2008' on page 38 undefined on input line 927.


LaTeX Warning: Citation `Mishin2004' on page 38 undefined on input line 927.


LaTeX Warning: Citation `Ackland1997' on page 38 undefined on input line 927.


LaTeX Warning: Citation `Zhou2004' on page 38 undefined on input line 927.

[38 <D:/master_thesis/master-thesis/images/mo_self_diffusion.png>]
<./images/vac_anharm_all.png, id=226, 433.62pt x 289.08pt>
File: ./images/vac_anharm_all.png Graphic file (type png)
<use ./images/vac_anharm_all.png>
Package pdftex.def Info: ./images/vac_anharm_all.png  used on input line 933.
(pdftex.def)             Requested size: 216.81pt x 144.53964pt.
<./images/vac_form_all.png, id=227, 433.62pt x 289.08pt>
File: ./images/vac_form_all.png Graphic file (type png)
<use ./images/vac_form_all.png>
Package pdftex.def Info: ./images/vac_form_all.png  used on input line 934.
(pdftex.def)             Requested size: 216.81pt x 144.53964pt.


LaTeX Warning: Command \r invalid in math mode on input line 935.


LaTeX Warning: Command \r invalid in math mode on input line 935.


LaTeX Warning: Reference `fig:20' on page 39 undefined on input line 939.


LaTeX Warning: Reference `fig:20' on page 39 undefined on input line 939.

<./images/sample_bcc.png, id=228, 433.62pt x 289.08pt>
File: ./images/sample_bcc.png Graphic file (type png)
<use ./images/sample_bcc.png>
Package pdftex.def Info: ./images/sample_bcc.png  used on input line 945.
(pdftex.def)             Requested size: 281.84966pt x 187.89977pt.

LaTeX Warning: Reference `cas' on page 39 undefined on input line 950.


LaTeX Warning: Reference `fig:21' on page 39 undefined on input line 950.

[39 <D:/master_thesis/master-thesis/images/bulk_anharm_all.png>] [40 <D:/master
_thesis/master-thesis/images/vac_anharm_all.png> <D:/master_thesis/master-thesi
s/images/vac_form_all.png> <D:/master_thesis/master-thesis/images/sample_bcc.pn
g>] [41] [42] [43]
No file master_thesis_draft.bbl.
<./images/n_images_bcc.png, id=251, 433.62pt x 289.08pt>
File: ./images/n_images_bcc.png Graphic file (type png)
<use ./images/n_images_bcc.png>
Package pdftex.def Info: ./images/n_images_bcc.png  used on input line 981.
(pdftex.def)             Requested size: 216.81pt x 144.53964pt.
<./images/n_images_fcc.png, id=252, 433.62pt x 289.08pt>
File: ./images/n_images_fcc.png Graphic file (type png)
<use ./images/n_images_fcc.png>
Package pdftex.def Info: ./images/n_images_fcc.png  used on input line 982.
(pdftex.def)             Requested size: 216.81pt x 144.53964pt.

LaTeX Warning: Reference `fig:22' on page 44 undefined on input line 987.

<./images/smooth.png, id=253, 433.62pt x 289.08pt>
File: ./images/smooth.png Graphic file (type png)
<use ./images/smooth.png>
Package pdftex.def Info: ./images/smooth.png  used on input line 993.
(pdftex.def)             Requested size: 281.84966pt x 187.89977pt.

LaTeX Warning: Reference `fig:23' on page 44 undefined on input line 998.


LaTeX Warning: Reference `fig:24' on page 44 undefined on input line 1002.

<./images/lambdas.png, id=254, 433.62pt x 289.08pt>
File: ./images/lambdas.png Graphic file (type png)
<use ./images/lambdas.png>
Package pdftex.def Info: ./images/lambdas.png  used on input line 1006.
(pdftex.def)             Requested size: 281.84966pt x 187.89977pt.
[44 <D:/master_thesis/master-thesis/images/n_images_bcc.png> <D:/master_thesis/
master-thesis/images/n_images_fcc.png>]
("D:\Program Files\MiKTeX 2.9\tex/latex/listings\lstlang1.sty"
File: lstlang1.sty 2019/09/10 1.8c listings language file
) [45 <D:/master_thesis/master-thesis/images/smooth.png> <D:/master_thesis/mast
er-thesis/images/lambdas.png>] [46]
LaTeX Font Info:    Try loading font information for OMS+cmr on input line 1052
.
 ("D:\Program Files\MiKTeX 2.9\tex/latex/base\omscmr.fd"
File: omscmr.fd 2014/09/29 v2.5h Standard LaTeX font definitions
)
LaTeX Font Info:    Font shape `OMS/cmr/m/n' in size <10> not available
(Font)              Font shape `OMS/cmsy/m/n' tried instead on input line 1052.


[47] [48] [49] [50] (master_thesis_draft.aux)

LaTeX Warning: There were undefined references.


LaTeX Warning: Label(s) may have changed. Rerun to get cross-references right.

 ) 
Here is how much of TeX's memory you used:
 32472 strings out of 492895
 639876 string characters out of 3133480
 946290 words of memory out of 3000000
 35913 multiletter control sequences out of 15000+200000
 546499 words of font info for 73 fonts, out of 3000000 for 9000
 1141 hyphenation exceptions out of 8191
 55i,10n,63p,1966b,1838s stack positions out of 5000i,500n,10000p,200000b,50000s

!pdfTeX error: pdflatex (file t1xtt): Font t1xtt at 540 not found
 ==> Fatal error occurred, no output PDF file produced!
